<?xml version="1.0" encoding="UTF-8"?>
<!-- Generated by org.testng.reporters.JUnitReportReporter -->
<testsuite hostname="Home-MainPC" failures="0" tests="1" name="com.ram.testcases.TesCase01" time="0.014" errors="0" timestamp="03 May 2021 19:01:50 GMT" skipped="0">
  <testcase classname="com.ram.testcases.TesCase01" name="verifyTitle" time="0.014"/>
</testsuite> <!-- com.ram.testcases.TesCase01 -->
