<?xml version="1.0" encoding="UTF-8"?>
<!-- Generated by org.testng.reporters.JUnitReportReporter -->
<testsuite hostname="Home-MainPC" failures="0" tests="1" name="com.ram.testcases.NewTest" time="0.013" errors="0" timestamp="03 May 2021 17:08:42 GMT" skipped="0">
  <testcase classname="com.ram.testcases.NewTest" name="verifyTitle" time="0.013"/>
</testsuite> <!-- com.ram.testcases.NewTest -->
