<?xml version="1.0" encoding="UTF-8"?>
<!-- Generated by org.testng.reporters.JUnitReportReporter -->
<testsuite skipped="0" hostname="Home-MainPC" name="com.ram.testcases.TesCase01" tests="1" failures="0" timestamp="04 May 2021 01:17:28 GMT" time="0.009" errors="0">
  <testcase name="verifyTitle" time="0.009" classname="com.ram.testcases.TesCase01"/>
</testsuite> <!-- com.ram.testcases.TesCase01 -->
